<?xml version="1.0" encoding="UTF-8"?>
<testsuite xmlns:xsi="http://www.w3.org/2001/XMLSchema-instance" xsi:noNamespaceSchemaLocation="https://maven.apache.org/surefire/maven-surefire-plugin/xsd/surefire-test-report-3.0.xsd" version="3.0" name="com.memmcol.iostaffrecordservice.IoStaffRecordServiceApplicationTests" time="3.454" tests="1" errors="0" skipped="0" failures="0">
  <properties>
[...]
</properties>
  <testcase name="contextLoads" classname="com.memmcol.iostaffrecordservice.IoStaffRecordServiceApplicationTests" time="1.049">
    <system-out><![CDATA[18:07:48.640 [main] INFO org.springframework.test.context.support.AnnotationConfigContextLoaderUtils -- Could not detect default configuration classes for test class [com.memmcol.iostaffrecordservice.IoStaffRecordServiceApplicationTests]: IoStaffRecordServiceApplicationTests does not declare any static, non-private, non-final, nested classes annotated with @Configuration.
18:07:48.752 [main] INFO org.springframework.boot.test.context.SpringBootTestContextBootstrapper -- Found @SpringBootConfiguration com.memmcol.iostaffrecordservice.IoStaffRecordServiceApplication for test class com.memmcol.iostaffrecordservice.IoStaffRecordServiceApplicationTests
18:07:48.998 [main] INFO org.springframework.boot.devtools.restart.RestartApplicationListener -- Restart disabled due to context in which it is running

  .   ____          _            __ _ _
 /\\ / ___'_ __ _ _(_)_ __  __ _ \ \ \ \
( ( )\___ | '_ | '_| | '_ \/ _` | \ \ \ \
 \\/  ___)| |_)| | | | | || (_| |  ) ) ) )
  '  |____| .__|_| |_|_| |_\__, | / / / /
 =========|_|==============|___/=/_/_/_/

 :: Spring Boot ::                (v3.3.3)

2025-01-14T18:07:49.256+01:00  INFO 8260 --- [io-staff-record-service] [           main] m.i.IoStaffRecordServiceApplicationTests : Starting IoStaffRecordServiceApplicationTests using Java 17.0.9 with PID 8260 (started by RnD Software in C:\Users\RnD Software\Documents\memmcol_project\Springboot-projects\io-staff-record-service)
2025-01-14T18:07:49.257+01:00  INFO 8260 --- [io-staff-record-service] [           main] m.i.IoStaffRecordServiceApplicationTests : No active profile set, falling back to 1 default profile: "default"
2025-01-14T18:07:50.848+01:00  INFO 8260 --- [io-staff-record-service] [           main] m.i.IoStaffRecordServiceApplicationTests : Started IoStaffRecordServiceApplicationTests in 1.864 seconds (process running for 3.005)
Netty server started on port 8884
]]></system-out>
  </testcase>
</testsuite>