<?xml version="1.0" encoding="UTF-8"?>
<testsuite xmlns:xsi="http://www.w3.org/2001/XMLSchema-instance" xsi:noNamespaceSchemaLocation="https://maven.apache.org/surefire/maven-surefire-plugin/xsd/surefire-test-report-3.0.xsd" version="3.0" name="com.memmcol.iostaffrecordservice.IoStaffRecordServiceApplicationTests" time="3.857" tests="1" errors="0" skipped="0" failures="0">
  <properties>
[...]
</properties>
  <testcase name="contextLoads" classname="com.memmcol.iostaffrecordservice.IoStaffRecordServiceApplicationTests" time="1.527">
    <system-out><![CDATA[10:50:57.143 [main] INFO org.springframework.test.context.support.AnnotationConfigContextLoaderUtils -- Could not detect default configuration classes for test class [com.memmcol.iostaffrecordservice.IoStaffRecordServiceApplicationTests]: IoStaffRecordServiceApplicationTests does not declare any static, non-private, non-final, nested classes annotated with @Configuration.
10:50:57.250 [main] INFO org.springframework.boot.test.context.SpringBootTestContextBootstrapper -- Found @SpringBootConfiguration com.memmcol.iostaffrecordservice.IoStaffRecordServiceApplication for test class com.memmcol.iostaffrecordservice.IoStaffRecordServiceApplicationTests
10:50:57.426 [main] INFO org.springframework.boot.devtools.restart.RestartApplicationListener -- Restart disabled due to context in which it is running

  .   ____          _            __ _ _
 /\\ / ___'_ __ _ _(_)_ __  __ _ \ \ \ \
( ( )\___ | '_ | '_| | '_ \/ _` | \ \ \ \
 \\/  ___)| |_)| | | | | || (_| |  ) ) ) )
  '  |____| .__|_| |_|_| |_\__, | / / / /
 =========|_|==============|___/=/_/_/_/

 :: Spring Boot ::                (v3.3.3)

2024-09-26T10:50:57.675+01:00  INFO 6344 --- [io-staff-record-service] [           main] m.i.IoStaffRecordServiceApplicationTests : Starting IoStaffRecordServiceApplicationTests using Java 17.0.9 with PID 6344 (started by RnD Software in C:\Users\RnD Software\Documents\memmcol_project\Springboot-projects\io-staff-record-service)
2024-09-26T10:50:57.676+01:00  INFO 6344 --- [io-staff-record-service] [           main] m.i.IoStaffRecordServiceApplicationTests : No active profile set, falling back to 1 default profile: "default"
2024-09-26T10:50:59.273+01:00  INFO 6344 --- [io-staff-record-service] [           main] m.i.IoStaffRecordServiceApplicationTests : Started IoStaffRecordServiceApplicationTests in 1.858 seconds (process running for 2.901)
]]></system-out>
    <system-err><![CDATA[Exception in thread "Thread-3" java.net.BindException: Address already in use: bind
	at java.base/sun.nio.ch.Net.bind0(Native Method)
	at java.base/sun.nio.ch.Net.bind(Net.java:555)
	at java.base/sun.nio.ch.ServerSocketChannelImpl.netBind(ServerSocketChannelImpl.java:337)
	at java.base/sun.nio.ch.ServerSocketChannelImpl.bind(ServerSocketChannelImpl.java:294)
	at io.netty.channel.socket.nio.NioServerSocketChannel.doBind(NioServerSocketChannel.java:141)
	at io.netty.channel.AbstractChannel$AbstractUnsafe.bind(AbstractChannel.java:561)
	at io.netty.channel.DefaultChannelPipeline$HeadContext.bind(DefaultChannelPipeline.java:1331)
	at io.netty.channel.AbstractChannelHandlerContext.invokeBind(AbstractChannelHandlerContext.java:600)
	at io.netty.channel.AbstractChannelHandlerContext.bind(AbstractChannelHandlerContext.java:579)
	at io.netty.channel.DefaultChannelPipeline.bind(DefaultChannelPipeline.java:972)
	at io.netty.channel.AbstractChannel.bind(AbstractChannel.java:259)
	at io.netty.bootstrap.AbstractBootstrap$2.run(AbstractBootstrap.java:380)
	at io.netty.util.concurrent.AbstractEventExecutor.runTask(AbstractEventExecutor.java:173)
	at io.netty.util.concurrent.AbstractEventExecutor.safeExecute(AbstractEventExecutor.java:166)
	at io.netty.util.concurrent.SingleThreadEventExecutor.runAllTasks(SingleThreadEventExecutor.java:469)
	at io.netty.channel.nio.NioEventLoop.run(NioEventLoop.java:569)
	at io.netty.util.concurrent.SingleThreadEventExecutor$4.run(SingleThreadEventExecutor.java:994)
	at io.netty.util.internal.ThreadExecutorMap$2.run(ThreadExecutorMap.java:74)
	at io.netty.util.concurrent.FastThreadLocalRunnable.run(FastThreadLocalRunnable.java:30)
	at java.base/java.lang.Thread.run(Thread.java:840)
]]></system-err>
  </testcase>
</testsuite>